
Showing logs for build [32mcb-kubecd-environment-pr-169-9-7mmjd-1[0m stage [32mfrom-build-pack[0m and container [32mstep-credential-initializer-z6rvz[0m
{"level":"warn","ts":1582919061.347443,"logger":"fallback-logger","caller":"logging/config.go:69","msg":"Fetch GitHub commit ID from kodata failed: \"ref: refs/heads/0.8.0-**-support-backwards-incompats\" is not a valid GitHub commit ID"}
{"level":"info","ts":1582919061.3482113,"logger":"fallback-logger","caller":"creds-init/main.go:40","msg":"Credentials initialized."}

Showing logs for build [32mcb-kubecd-environment-pr-169-9-7mmjd-1[0m stage [32mfrom-build-pack[0m and container [32mstep-working-dir-initializer-jwr57[0m
{"level":"warn","ts":1582919062.573745,"logger":"fallback-logger","caller":"logging/config.go:69","msg":"Fetch GitHub commit ID from kodata failed: open /var/run/ko/HEAD: no such file or directory"}
{"level":"info","ts":1582919062.5751216,"logger":"fallback-logger","caller":"bash/main.go:64","msg":"Successfully executed command \"sh -c mkdir -p /workspace/source\"; output "}

Showing logs for build [32mcb-kubecd-environment-pr-169-9-7mmjd-1[0m stage [32mfrom-build-pack[0m and container [32mstep-place-tools[0m

Showing logs for build [32mcb-kubecd-environment-pr-169-9-7mmjd-1[0m stage [32mfrom-build-pack[0m and container [32mstep-git-source-cb-kubecd-environment-pr-169-9-7mmjd-4lgfx[0m
{"level":"warn","ts":1582919065.8811176,"logger":"fallback-logger","caller":"logging/config.go:69","msg":"Fetch GitHub commit ID from kodata failed: \"ref: refs/heads/0.8.0-**-support-backwards-incompats\" is not a valid GitHub commit ID"}
{"level":"info","ts":1582919066.9735355,"logger":"fallback-logger","caller":"git/git.go:103","msg":"Successfully cloned https://github.com/cb-kubecd/environment-pr-169-9-boot-gke-staging.git @ master in path /workspace/source"}

Showing logs for build [32mcb-kubecd-environment-pr-169-9-7mmjd-1[0m stage [32mfrom-build-pack[0m and container [32mstep-git-merge[0m
Using SHAs from PULL_REFS=master:198c2222b0b07d1ed3c5ae9c5d570e004fdd088e,7:3b3cd081e54245d8a56802c4b8122aaf460fb64d
DEBUG: LC_ALL=C JX_LOG_LEVEL=error git fetch origin --unshallow 3b3cd081e54245d8a56802c4b8122aaf460fb64d: 198c2222b0b07d1ed3c5ae9c5d570e004fdd088e:
DEBUG: ran git fetch --unshallow origin 3b3cd081e54245d8a56802c4b8122aaf460fb64d: 198c2222b0b07d1ed3c5ae9c5d570e004fdd088e: in 
DEBUG: LC_ALL=C JX_LOG_LEVEL=error git branch
DEBUG: LC_ALL=C JX_LOG_LEVEL=error git checkout master
DEBUG: ran git checkout master in 
DEBUG: LC_ALL=C JX_LOG_LEVEL=error git reset --hard 198c2222b0b07d1ed3c5ae9c5d570e004fdd088e
DEBUG: ran git reset --hard 198c2222b0b07d1ed3c5ae9c5d570e004fdd088e in 
DEBUG: LC_ALL=C JX_LOG_LEVEL=error git clean -fd .
DEBUG: ran clean --force -d . in 
DEBUG: LC_ALL=C JX_LOG_LEVEL=error git merge 3b3cd081e54245d8a56802c4b8122aaf460fb64d
DEBUG: ran git merge 3b3cd081e54245d8a56802c4b8122aaf460fb64d in 
DEBUG: LC_ALL=C JX_LOG_LEVEL=error git log --format=%H%x1f%an%x1f%ae%x1f%cn%x1f%ce%x1f%s%n%b%x1e 198c2222b0b07d1ed3c5ae9c5d570e004fdd088e..HEAD
Merged SHA 3b3cd081e54245d8a56802c4b8122aaf460fb64d with commit message 'chore: Promote bdd-sbrp-import-1582917699 to version 0.0.1' into base branch master

Showing logs for build [32mcb-kubecd-environment-pr-169-9-7mmjd-1[0m stage [32mfrom-build-pack[0m and container [32mstep-build-helm-build[0m
WARNING: No $CHART_REPOSITORY defined so using the default value of: http://jenkins-x-chartmuseum:8080
Adding missing Helm repo: storage.googleapis.com https://storage.googleapis.com/chartmuseum.jenkins-x.io
WARNING: No secrets found on "helm/repos" due: reading the secret "helm/repos" from vault: no secret "helm/repos" not found in vault
Read credentials for https://storage.googleapis.com/chartmuseum.jenkins-x.io from vault helm/repos
Successfully added Helm repository storage.googleapis.com.
Adding missing Helm repo: jenkins-x-chartmuseum http://jenkins-x-chartmuseum:8080
WARNING: No secrets found on "helm/repos" due: reading the secret "helm/repos" from vault: no secret "helm/repos" not found in vault
Read credentials for http://jenkins-x-chartmuseum:8080 from vault helm/repos
Successfully added Helm repository jenkins-x-chartmuseum.
WARNING: No $CHART_REPOSITORY defined so using the default value of: http://jenkins-x-chartmuseum:8080
Adding missing Helm repo: chartmuseum.jenkins-x.io http://chartmuseum.jenkins-x.io
WARNING: No secrets found on "helm/repos" due: reading the secret "helm/repos" from vault: no secret "helm/repos" not found in vault
Read credentials for http://chartmuseum.jenkins-x.io from vault helm/repos
Successfully added Helm repository chartmuseum.jenkins-x.io.
