
Showing logs for build [32mcb-kubecd-environment-pr-169-9-m5z9s-1[0m stage [32mfrom-build-pack[0m and container [32mstep-credential-initializer-kpdr9[0m
{"level":"warn","ts":1582916361.9666126,"logger":"fallback-logger","caller":"logging/config.go:69","msg":"Fetch GitHub commit ID from kodata failed: \"ref: refs/heads/0.8.0-**-support-backwards-incompats\" is not a valid GitHub commit ID"}
{"level":"info","ts":1582916361.967472,"logger":"fallback-logger","caller":"creds-init/main.go:40","msg":"Credentials initialized."}

Showing logs for build [32mcb-kubecd-environment-pr-169-9-m5z9s-1[0m stage [32mfrom-build-pack[0m and container [32mstep-working-dir-initializer-vxccj[0m
{"level":"warn","ts":1582916362.911167,"logger":"fallback-logger","caller":"logging/config.go:69","msg":"Fetch GitHub commit ID from kodata failed: open /var/run/ko/HEAD: no such file or directory"}
{"level":"info","ts":1582916362.913311,"logger":"fallback-logger","caller":"bash/main.go:64","msg":"Successfully executed command \"sh -c mkdir -p /workspace/source\"; output "}

Showing logs for build [32mcb-kubecd-environment-pr-169-9-m5z9s-1[0m stage [32mfrom-build-pack[0m and container [32mstep-place-tools[0m

Showing logs for build [32mcb-kubecd-environment-pr-169-9-m5z9s-1[0m stage [32mfrom-build-pack[0m and container [32mstep-git-source-cb-kubecd-environment-pr-169-9-m5z9s-5xwlx[0m
{"level":"warn","ts":1582916369.4818857,"logger":"fallback-logger","caller":"logging/config.go:69","msg":"Fetch GitHub commit ID from kodata failed: \"ref: refs/heads/0.8.0-**-support-backwards-incompats\" is not a valid GitHub commit ID"}
{"level":"info","ts":1582916370.51861,"logger":"fallback-logger","caller":"git/git.go:103","msg":"Successfully cloned https://github.com/cb-kubecd/environment-pr-169-9-boot-gke-staging.git @ master in path /workspace/source"}

Showing logs for build [32mcb-kubecd-environment-pr-169-9-m5z9s-1[0m stage [32mfrom-build-pack[0m and container [32mstep-git-merge[0m
Using SHAs from PULL_REFS=master:8b9e265ab37fb29623e93308d4b0c357943f26ca,3:8d6ce0f85a32a106cbbe23a51ea2cc03f13d44cf
DEBUG: LC_ALL=C JX_LOG_LEVEL=error git fetch origin --unshallow 8d6ce0f85a32a106cbbe23a51ea2cc03f13d44cf: 8b9e265ab37fb29623e93308d4b0c357943f26ca:
DEBUG: ran git fetch --unshallow origin 8d6ce0f85a32a106cbbe23a51ea2cc03f13d44cf: 8b9e265ab37fb29623e93308d4b0c357943f26ca: in 
DEBUG: JX_LOG_LEVEL=error LC_ALL=C git branch
DEBUG: JX_LOG_LEVEL=error LC_ALL=C git checkout master
DEBUG: ran git checkout master in 
DEBUG: LC_ALL=C JX_LOG_LEVEL=error git reset --hard 8b9e265ab37fb29623e93308d4b0c357943f26ca
DEBUG: ran git reset --hard 8b9e265ab37fb29623e93308d4b0c357943f26ca in 
DEBUG: LC_ALL=C JX_LOG_LEVEL=error git clean -fd .
DEBUG: ran clean --force -d . in 
DEBUG: JX_LOG_LEVEL=error LC_ALL=C git merge 8d6ce0f85a32a106cbbe23a51ea2cc03f13d44cf
DEBUG: ran git merge 8d6ce0f85a32a106cbbe23a51ea2cc03f13d44cf in 
DEBUG: LC_ALL=C JX_LOG_LEVEL=error git log --format=%H%x1f%an%x1f%ae%x1f%cn%x1f%ce%x1f%s%n%b%x1e 8b9e265ab37fb29623e93308d4b0c357943f26ca..HEAD
Merged SHA 8d6ce0f85a32a106cbbe23a51ea2cc03f13d44cf with commit message 'chore: Promote bdd-nh-1582915411 to version 0.0.1' into base branch master

Showing logs for build [32mcb-kubecd-environment-pr-169-9-m5z9s-1[0m stage [32mfrom-build-pack[0m and container [32mstep-build-helm-build[0m
WARNING: No $CHART_REPOSITORY defined so using the default value of: http://jenkins-x-chartmuseum:8080
Adding missing Helm repo: storage.googleapis.com https://storage.googleapis.com/chartmuseum.jenkins-x.io
WARNING: No secrets found on "helm/repos" due: reading the secret "helm/repos" from vault: no secret "helm/repos" not found in vault
Read credentials for https://storage.googleapis.com/chartmuseum.jenkins-x.io from vault helm/repos
Successfully added Helm repository storage.googleapis.com.
Adding missing Helm repo: jenkins-x-chartmuseum http://jenkins-x-chartmuseum:8080
WARNING: No secrets found on "helm/repos" due: reading the secret "helm/repos" from vault: no secret "helm/repos" not found in vault
Read credentials for http://jenkins-x-chartmuseum:8080 from vault helm/repos
Successfully added Helm repository jenkins-x-chartmuseum.
WARNING: No $CHART_REPOSITORY defined so using the default value of: http://jenkins-x-chartmuseum:8080
Adding missing Helm repo: chartmuseum.jenkins-x.io http://chartmuseum.jenkins-x.io
WARNING: No secrets found on "helm/repos" due: reading the secret "helm/repos" from vault: no secret "helm/repos" not found in vault
Read credentials for http://chartmuseum.jenkins-x.io from vault helm/repos
Successfully added Helm repository chartmuseum.jenkins-x.io.
