
Showing logs for build [32mcb-kubecd-environment-pr-169-9-mtn9x-1[0m stage [32mfrom-build-pack[0m and container [32mstep-credential-initializer-d8gb9[0m
{"level":"warn","ts":1582919710.514791,"logger":"fallback-logger","caller":"logging/config.go:69","msg":"Fetch GitHub commit ID from kodata failed: \"ref: refs/heads/0.8.0-**-support-backwards-incompats\" is not a valid GitHub commit ID"}
{"level":"info","ts":1582919710.515409,"logger":"fallback-logger","caller":"creds-init/main.go:40","msg":"Credentials initialized."}

Showing logs for build [32mcb-kubecd-environment-pr-169-9-mtn9x-1[0m stage [32mfrom-build-pack[0m and container [32mstep-working-dir-initializer-7wpwj[0m
{"level":"warn","ts":1582919711.3202045,"logger":"fallback-logger","caller":"logging/config.go:69","msg":"Fetch GitHub commit ID from kodata failed: open /var/run/ko/HEAD: no such file or directory"}
{"level":"info","ts":1582919711.3214386,"logger":"fallback-logger","caller":"bash/main.go:64","msg":"Successfully executed command \"sh -c mkdir -p /workspace/source\"; output "}

Showing logs for build [32mcb-kubecd-environment-pr-169-9-mtn9x-1[0m stage [32mfrom-build-pack[0m and container [32mstep-place-tools[0m

Showing logs for build [32mcb-kubecd-environment-pr-169-9-mtn9x-1[0m stage [32mfrom-build-pack[0m and container [32mstep-git-source-cb-kubecd-environment-pr-169-9-mtn9x-6m5bt[0m
{"level":"warn","ts":1582919715.494738,"logger":"fallback-logger","caller":"logging/config.go:69","msg":"Fetch GitHub commit ID from kodata failed: \"ref: refs/heads/0.8.0-**-support-backwards-incompats\" is not a valid GitHub commit ID"}
{"level":"info","ts":1582919716.580862,"logger":"fallback-logger","caller":"git/git.go:103","msg":"Successfully cloned https://github.com/cb-kubecd/environment-pr-169-9-boot-gke-staging.git @ master in path /workspace/source"}

Showing logs for build [32mcb-kubecd-environment-pr-169-9-mtn9x-1[0m stage [32mfrom-build-pack[0m and container [32mstep-git-merge[0m
Using SHAs from PULL_REFS=master:db7fcc7afd91bc1a8655230af5b1d4b48a4ba009,8:0a5dcb979ffb7f64e1dc240951d6bbf5cbaf2c4f
DEBUG: LC_ALL=C JX_LOG_LEVEL=error git fetch origin --unshallow 0a5dcb979ffb7f64e1dc240951d6bbf5cbaf2c4f: db7fcc7afd91bc1a8655230af5b1d4b48a4ba009:
DEBUG: ran git fetch --unshallow origin 0a5dcb979ffb7f64e1dc240951d6bbf5cbaf2c4f: db7fcc7afd91bc1a8655230af5b1d4b48a4ba009: in 
DEBUG: LC_ALL=C JX_LOG_LEVEL=error git branch
DEBUG: LC_ALL=C JX_LOG_LEVEL=error git checkout master
DEBUG: ran git checkout master in 
DEBUG: LC_ALL=C JX_LOG_LEVEL=error git reset --hard db7fcc7afd91bc1a8655230af5b1d4b48a4ba009
DEBUG: ran git reset --hard db7fcc7afd91bc1a8655230af5b1d4b48a4ba009 in 
DEBUG: LC_ALL=C JX_LOG_LEVEL=error git clean -fd .
DEBUG: ran clean --force -d . in 
DEBUG: JX_LOG_LEVEL=error LC_ALL=C git merge 0a5dcb979ffb7f64e1dc240951d6bbf5cbaf2c4f
DEBUG: ran git merge 0a5dcb979ffb7f64e1dc240951d6bbf5cbaf2c4f in 
DEBUG: JX_LOG_LEVEL=error LC_ALL=C git log --format=%H%x1f%an%x1f%ae%x1f%cn%x1f%ce%x1f%s%n%b%x1e db7fcc7afd91bc1a8655230af5b1d4b48a4ba009..HEAD
Merged SHA 0a5dcb979ffb7f64e1dc240951d6bbf5cbaf2c4f with commit message 'chore: Promote bdd-sbhg-import-1582917699 to version 0.0.1' into base branch master

Showing logs for build [32mcb-kubecd-environment-pr-169-9-mtn9x-1[0m stage [32mfrom-build-pack[0m and container [32mstep-build-helm-build[0m
WARNING: No $CHART_REPOSITORY defined so using the default value of: http://jenkins-x-chartmuseum:8080
Adding missing Helm repo: storage.googleapis.com https://storage.googleapis.com/chartmuseum.jenkins-x.io
WARNING: No secrets found on "helm/repos" due: reading the secret "helm/repos" from vault: no secret "helm/repos" not found in vault
Read credentials for https://storage.googleapis.com/chartmuseum.jenkins-x.io from vault helm/repos
Successfully added Helm repository storage.googleapis.com.
Adding missing Helm repo: jenkins-x-chartmuseum http://jenkins-x-chartmuseum:8080
WARNING: No secrets found on "helm/repos" due: reading the secret "helm/repos" from vault: no secret "helm/repos" not found in vault
Read credentials for http://jenkins-x-chartmuseum:8080 from vault helm/repos
Successfully added Helm repository jenkins-x-chartmuseum.
WARNING: No $CHART_REPOSITORY defined so using the default value of: http://jenkins-x-chartmuseum:8080
Adding missing Helm repo: chartmuseum.jenkins-x.io http://chartmuseum.jenkins-x.io
WARNING: No secrets found on "helm/repos" due: reading the secret "helm/repos" from vault: no secret "helm/repos" not found in vault
Read credentials for http://chartmuseum.jenkins-x.io from vault helm/repos
Successfully added Helm repository chartmuseum.jenkins-x.io.
