
Showing logs for build [32mcb-kubecd-environment-pr-169-9-x6nrs-1[0m stage [32mfrom-build-pack[0m and container [32mstep-credential-initializer-h7bw6[0m
{"level":"warn","ts":1582918470.1966648,"logger":"fallback-logger","caller":"logging/config.go:69","msg":"Fetch GitHub commit ID from kodata failed: \"ref: refs/heads/0.8.0-**-support-backwards-incompats\" is not a valid GitHub commit ID"}
{"level":"info","ts":1582918470.1972628,"logger":"fallback-logger","caller":"creds-init/main.go:40","msg":"Credentials initialized."}

Showing logs for build [32mcb-kubecd-environment-pr-169-9-x6nrs-1[0m stage [32mfrom-build-pack[0m and container [32mstep-working-dir-initializer-pgkb9[0m
{"level":"warn","ts":1582918471.408989,"logger":"fallback-logger","caller":"logging/config.go:69","msg":"Fetch GitHub commit ID from kodata failed: open /var/run/ko/HEAD: no such file or directory"}
{"level":"info","ts":1582918471.4121494,"logger":"fallback-logger","caller":"bash/main.go:64","msg":"Successfully executed command \"sh -c mkdir -p /workspace/source\"; output "}

Showing logs for build [32mcb-kubecd-environment-pr-169-9-x6nrs-1[0m stage [32mfrom-build-pack[0m and container [32mstep-place-tools[0m

Showing logs for build [32mcb-kubecd-environment-pr-169-9-x6nrs-1[0m stage [32mfrom-build-pack[0m and container [32mstep-git-source-cb-kubecd-environment-pr-169-9-x6nrs-sxfn6[0m
{"level":"warn","ts":1582918477.882375,"logger":"fallback-logger","caller":"logging/config.go:69","msg":"Fetch GitHub commit ID from kodata failed: \"ref: refs/heads/0.8.0-**-support-backwards-incompats\" is not a valid GitHub commit ID"}
{"level":"info","ts":1582918478.9398594,"logger":"fallback-logger","caller":"git/git.go:103","msg":"Successfully cloned https://github.com/cb-kubecd/environment-pr-169-9-boot-gke-staging.git @ master in path /workspace/source"}

Showing logs for build [32mcb-kubecd-environment-pr-169-9-x6nrs-1[0m stage [32mfrom-build-pack[0m and container [32mstep-git-merge[0m
Using SHAs from PULL_REFS=master:17e02c920b69916034d424d8e3a94242e165c50e,6:a0189b0790c302a87238d9cbc0cfdda841c9224f
DEBUG: LC_ALL=C JX_LOG_LEVEL=error git fetch origin --unshallow a0189b0790c302a87238d9cbc0cfdda841c9224f: 17e02c920b69916034d424d8e3a94242e165c50e:
DEBUG: ran git fetch --unshallow origin a0189b0790c302a87238d9cbc0cfdda841c9224f: 17e02c920b69916034d424d8e3a94242e165c50e: in 
DEBUG: JX_LOG_LEVEL=error LC_ALL=C git branch
DEBUG: LC_ALL=C JX_LOG_LEVEL=error git checkout master
DEBUG: ran git checkout master in 
DEBUG: LC_ALL=C JX_LOG_LEVEL=error git reset --hard 17e02c920b69916034d424d8e3a94242e165c50e
DEBUG: ran git reset --hard 17e02c920b69916034d424d8e3a94242e165c50e in 
DEBUG: LC_ALL=C JX_LOG_LEVEL=error git clean -fd .
DEBUG: ran clean --force -d . in 
DEBUG: LC_ALL=C JX_LOG_LEVEL=error git merge a0189b0790c302a87238d9cbc0cfdda841c9224f
DEBUG: ran git merge a0189b0790c302a87238d9cbc0cfdda841c9224f in 
DEBUG: LC_ALL=C JX_LOG_LEVEL=error git log --format=%H%x1f%an%x1f%ae%x1f%cn%x1f%ce%x1f%s%n%b%x1e 17e02c920b69916034d424d8e3a94242e165c50e..HEAD
Merged SHA a0189b0790c302a87238d9cbc0cfdda841c9224f with commit message 'chore: Promote bdd-nh-import-1582917699 to version 0.0.1' into base branch master

Showing logs for build [32mcb-kubecd-environment-pr-169-9-x6nrs-1[0m stage [32mfrom-build-pack[0m and container [32mstep-build-helm-build[0m
WARNING: No $CHART_REPOSITORY defined so using the default value of: http://jenkins-x-chartmuseum:8080
Adding missing Helm repo: storage.googleapis.com https://storage.googleapis.com/chartmuseum.jenkins-x.io
WARNING: No secrets found on "helm/repos" due: reading the secret "helm/repos" from vault: no secret "helm/repos" not found in vault
Read credentials for https://storage.googleapis.com/chartmuseum.jenkins-x.io from vault helm/repos
Successfully added Helm repository storage.googleapis.com.
Adding missing Helm repo: jenkins-x-chartmuseum http://jenkins-x-chartmuseum:8080
WARNING: No secrets found on "helm/repos" due: reading the secret "helm/repos" from vault: no secret "helm/repos" not found in vault
Read credentials for http://jenkins-x-chartmuseum:8080 from vault helm/repos
Successfully added Helm repository jenkins-x-chartmuseum.
WARNING: No $CHART_REPOSITORY defined so using the default value of: http://jenkins-x-chartmuseum:8080
Adding missing Helm repo: chartmuseum.jenkins-x.io http://chartmuseum.jenkins-x.io
WARNING: No secrets found on "helm/repos" due: reading the secret "helm/repos" from vault: no secret "helm/repos" not found in vault
Read credentials for http://chartmuseum.jenkins-x.io from vault helm/repos
Successfully added Helm repository chartmuseum.jenkins-x.io.
